This is pdfTeX, Version 3.141592653-2.6-1.40.23 (TeX Live 2021/W32TeX) (preloaded format=pdflatex 2021.8.15)  16 AUG 2021 21:04
entering extended mode
 restricted \write18 enabled.
 %&-line parsing enabled.
**Marsja_international_collaborations.tex
(./Marsja_international_collaborations.tex
LaTeX2e <2021-06-01> patch level 1
L3 programming layer <2021-07-12>
(c:/Users/erima96/AppData/Roaming/TinyTeX/texmf-dist/tex/latex/base/article.cls
Document Class: article 2021/02/12 v1.4n Standard LaTeX document class
(c:/Users/erima96/AppData/Roaming/TinyTeX/texmf-dist/tex/latex/base/size10.clo
File: size10.clo 2021/02/12 v1.4n Standard LaTeX file (size option)
)
\c@part=\count182
\c@section=\count183
\c@subsection=\count184
\c@subsubsection=\count185
\c@paragraph=\count186
\c@subparagraph=\count187
\c@figure=\count188
\c@table=\count189
\abovecaptionskip=\skip47
\belowcaptionskip=\skip48
\bibindent=\dimen138
)
(c:/Users/erima96/AppData/Roaming/TinyTeX/texmf-dist/tex/latex/pdflscape/pdflsc
ape.sty
Package: pdflscape 2019/12/05 v0.12 Display of landscape pages in PDF (HO)

(c:/Users/erima96/AppData/Roaming/TinyTeX/texmf-dist/tex/generic/iftex/iftex.st
y
Package: iftex 2020/03/06 v1.0d TeX engine tests
)
(c:/Users/erima96/AppData/Roaming/TinyTeX/texmf-dist/tex/latex/graphics/lscape.
sty
Package: lscape 2020/05/28 v3.02 Landscape Pages (DPC)

(c:/Users/erima96/AppData/Roaming/TinyTeX/texmf-dist/tex/latex/graphics/graphic
s.sty
Package: graphics 2021/03/04 v1.4d Standard LaTeX Graphics (DPC,SPQR)

(c:/Users/erima96/AppData/Roaming/TinyTeX/texmf-dist/tex/latex/graphics/trig.st
y
Package: trig 2016/01/03 v1.10 sin cos tan (DPC)
)
(c:/Users/erima96/AppData/Roaming/TinyTeX/texmf-dist/tex/latex/graphics-cfg/gra
phics.cfg
File: graphics.cfg 2016/06/04 v1.11 sample graphics configuration
)
Package graphics Info: Driver file: pdftex.def on input line 107.

(c:/Users/erima96/AppData/Roaming/TinyTeX/texmf-dist/tex/latex/graphics-def/pdf
tex.def
File: pdftex.def 2020/10/05 v1.2a Graphics/color driver for pdftex
)))
Package pdflscape Info: Auto-detected driver: pdftex on input line 81.
)
(c:/Users/erima96/AppData/Roaming/TinyTeX/texmf-dist/tex/latex/tools/longtable.
sty
Package: longtable 2021-05-07 v4.16 Multi-page Table package (DPC)
\LTleft=\skip49
\LTright=\skip50
\LTpre=\skip51
\LTpost=\skip52
\LTchunksize=\count190
\LTcapwidth=\dimen139
\LT@head=\box50
\LT@firsthead=\box51
\LT@foot=\box52
\LT@lastfoot=\box53
\LT@gbox=\box54
\LT@cols=\count191
\LT@rows=\count192
\c@LT@tables=\count193
\c@LT@chunks=\count194
\LT@p@ftn=\toks16
)
(c:/Users/erima96/AppData/Roaming/TinyTeX/texmf-dist/tex/latex/booktabs/booktab
s.sty
Package: booktabs 2020/01/12 v1.61803398 Publication quality tables
\heavyrulewidth=\dimen140
\lightrulewidth=\dimen141
\cmidrulewidth=\dimen142
\belowrulesep=\dimen143
\belowbottomsep=\dimen144
\aboverulesep=\dimen145
\abovetopsep=\dimen146
\cmidrulesep=\dimen147
\cmidrulekern=\dimen148
\defaultaddspace=\dimen149
\@cmidla=\count195
\@cmidlb=\count196
\@aboverulesep=\dimen150
\@belowrulesep=\dimen151
\@thisruleclass=\count197
\@lastruleclass=\count198
\@thisrulewidth=\dimen152
)
(c:/Users/erima96/AppData/Roaming/TinyTeX/texmf-dist/tex/latex/everypage/everyp
age.sty
Package: everypage 2020/10/17 R2.0b Hooks to run on every page

Package everypage Warning: Functionality similar to this package has recently
(everypage)                been implemented in LaTeX. This package is now in
(everypage)                legacy status.
(everypage)                Please, don't use it in new documents and packages.


Package everypage Warning: You appear to be running a version of LaTeX
(everypage)                providing the new functionality.
(everypage)                Doing the best to deliver the original `everypage`
(everypage)                interface on top of it. Strict equivalence is
(everypage)                not possible, breakage may occur.
(everypage)                If truly needed, Use `everypage-1x` to force the
(everypage)                loading of an older code base.

)
(c:/Users/erima96/AppData/Roaming/TinyTeX/texmf-dist/tex/latex/adjustbox/adjust
box.sty
Package: adjustbox 2020/08/19 v1.3 Adjusting TeX boxes (trim, clip, ...)

(c:/Users/erima96/AppData/Roaming/TinyTeX/texmf-dist/tex/latex/xkeyval/xkeyval.
sty
Package: xkeyval 2020/11/20 v2.8 package option processing (HA)

(c:/Users/erima96/AppData/Roaming/TinyTeX/texmf-dist/tex/generic/xkeyval/xkeyva
l.tex
(c:/Users/erima96/AppData/Roaming/TinyTeX/texmf-dist/tex/generic/xkeyval/xkvuti
ls.tex
\XKV@toks=\toks17
\XKV@tempa@toks=\toks18

(c:/Users/erima96/AppData/Roaming/TinyTeX/texmf-dist/tex/generic/xkeyval/keyval
.tex))
\XKV@depth=\count199
File: xkeyval.tex 2014/12/03 v2.7a key=value parser (HA)
))
(c:/Users/erima96/AppData/Roaming/TinyTeX/texmf-dist/tex/latex/adjustbox/adjcal
c.sty
Package: adjcalc 2012/05/16 v1.1 Provides advanced setlength with multiple back
-ends (calc, etex, pgfmath)
)
(c:/Users/erima96/AppData/Roaming/TinyTeX/texmf-dist/tex/latex/adjustbox/trimcl
ip.sty
Package: trimclip 2020/08/19 v1.2 Trim and clip general TeX material

(c:/Users/erima96/AppData/Roaming/TinyTeX/texmf-dist/tex/latex/graphics/graphic
x.sty
Package: graphicx 2020/12/05 v1.2c Enhanced LaTeX Graphics (DPC,SPQR)
\Gin@req@height=\dimen153
\Gin@req@width=\dimen154
)
(c:/Users/erima96/AppData/Roaming/TinyTeX/texmf-dist/tex/latex/collectbox/colle
ctbox.sty
Package: collectbox 2012/05/17 v0.4b Collect macro arguments as boxes
\collectedbox=\box55
)
\tc@llx=\dimen155
\tc@lly=\dimen156
\tc@urx=\dimen157
\tc@ury=\dimen158
Package trimclip Info: Using driver 'tc-pdftex.def'.

(c:/Users/erima96/AppData/Roaming/TinyTeX/texmf-dist/tex/latex/adjustbox/tc-pdf
tex.def
File: tc-pdftex.def 2019/01/04 v2.2 Clipping driver for pdftex
))
\adjbox@Width=\dimen159
\adjbox@Height=\dimen160
\adjbox@Depth=\dimen161
\adjbox@Totalheight=\dimen162
\adjbox@pwidth=\dimen163
\adjbox@pheight=\dimen164
\adjbox@pdepth=\dimen165
\adjbox@ptotalheight=\dimen166

(c:/Users/erima96/AppData/Roaming/TinyTeX/texmf-dist/tex/latex/varwidth/varwidt
h.sty
Package: varwidth 2009/03/30 ver 0.92;  Variable-width minipages
\@vwid@box=\box56
\sift@deathcycles=\count266
\@vwid@loff=\dimen167
\@vwid@roff=\dimen168
))
(c:/Users/erima96/AppData/Roaming/TinyTeX/texmf-dist/tex/latex/titling/titling.
sty
Package: titling 2009/09/04 v2.1d maketitle typesetting
\thanksmarkwidth=\skip53
\thanksmargin=\skip54
\droptitle=\skip55
)
(c:/Users/erima96/AppData/Roaming/TinyTeX/texmf-dist/tex/latex/caption/caption.
sty
Package: caption 2020/10/26 v3.5g Customizing captions (AR)

(c:/Users/erima96/AppData/Roaming/TinyTeX/texmf-dist/tex/latex/caption/caption3
.sty
Package: caption3 2020/10/21 v2.2e caption3 kernel (AR)
\captionmargin=\dimen169
\captionmargin@=\dimen170
\captionwidth=\dimen171
\caption@tempdima=\dimen172
\caption@indent=\dimen173
\caption@parindent=\dimen174
\caption@hangindent=\dimen175
Package caption Info: Standard document class detected.
)
\c@caption@flags=\count267
\c@continuedfloat=\count268
Package caption Info: longtable package is loaded.

(c:/Users/erima96/AppData/Roaming/TinyTeX/texmf-dist/tex/latex/caption/ltcaptio
n.sty
Package: ltcaption 2020/05/30 v1.4b longtable captions (AR)
))
(c:/Users/erima96/AppData/Roaming/TinyTeX/texmf-dist/tex/latex/tools/tabularx.s
ty
Package: tabularx 2020/01/15 v2.11c `tabularx' package (DPC)
(c:/Users/erima96/AppData/Roaming/TinyTeX/texmf-dist/tex/latex/tools/array.sty
Package: array 2021/04/20 v2.5e Tabular extension package (FMi)
\col@sep=\dimen176
\ar@mcellbox=\box57
\extrarowheight=\dimen177
\NC@list=\toks19
\extratabsurround=\skip56
\backup@length=\skip57
\ar@cellbox=\box58
)
\TX@col@width=\dimen178
\TX@old@table=\dimen179
\TX@old@col=\dimen180
\TX@target=\dimen181
\TX@delta=\dimen182
\TX@cols=\count269
\TX@ftn=\toks20
)
(c:/Users/erima96/AppData/Roaming/TinyTeX/texmf-dist/tex/latex/pgf/frontendlaye
r/tikz.sty
(c:/Users/erima96/AppData/Roaming/TinyTeX/texmf-dist/tex/latex/pgf/basiclayer/p
gf.sty
(c:/Users/erima96/AppData/Roaming/TinyTeX/texmf-dist/tex/latex/pgf/utilities/pg
frcs.sty
(c:/Users/erima96/AppData/Roaming/TinyTeX/texmf-dist/tex/generic/pgf/utilities/
pgfutil-common.tex
\pgfutil@everybye=\toks21
\pgfutil@tempdima=\dimen183
\pgfutil@tempdimb=\dimen184

(c:/Users/erima96/AppData/Roaming/TinyTeX/texmf-dist/tex/generic/pgf/utilities/
pgfutil-common-lists.tex))
(c:/Users/erima96/AppData/Roaming/TinyTeX/texmf-dist/tex/generic/pgf/utilities/
pgfutil-latex.def
\pgfutil@abb=\box59
)
(c:/Users/erima96/AppData/Roaming/TinyTeX/texmf-dist/tex/generic/pgf/utilities/
pgfrcs.code.tex
(c:/Users/erima96/AppData/Roaming/TinyTeX/texmf-dist/tex/generic/pgf/pgf.revisi
on.tex)
Package: pgfrcs 2021/05/15 v3.1.9a (3.1.9a)
))
Package: pgf 2021/05/15 v3.1.9a (3.1.9a)

(c:/Users/erima96/AppData/Roaming/TinyTeX/texmf-dist/tex/latex/pgf/basiclayer/p
gfcore.sty
(c:/Users/erima96/AppData/Roaming/TinyTeX/texmf-dist/tex/latex/pgf/systemlayer/
pgfsys.sty
(c:/Users/erima96/AppData/Roaming/TinyTeX/texmf-dist/tex/generic/pgf/systemlaye
r/pgfsys.code.tex
Package: pgfsys 2021/05/15 v3.1.9a (3.1.9a)

(c:/Users/erima96/AppData/Roaming/TinyTeX/texmf-dist/tex/generic/pgf/utilities/
pgfkeys.code.tex
\pgfkeys@pathtoks=\toks22
\pgfkeys@temptoks=\toks23

(c:/Users/erima96/AppData/Roaming/TinyTeX/texmf-dist/tex/generic/pgf/utilities/
pgfkeysfiltered.code.tex
\pgfkeys@tmptoks=\toks24
))
\pgf@x=\dimen185
\pgf@y=\dimen186
\pgf@xa=\dimen187
\pgf@ya=\dimen188
\pgf@xb=\dimen189
\pgf@yb=\dimen190
\pgf@xc=\dimen191
\pgf@yc=\dimen192
\pgf@xd=\dimen193
\pgf@yd=\dimen194
\w@pgf@writea=\write3
\r@pgf@reada=\read2
\c@pgf@counta=\count270
\c@pgf@countb=\count271
\c@pgf@countc=\count272
\c@pgf@countd=\count273
\t@pgf@toka=\toks25
\t@pgf@tokb=\toks26
\t@pgf@tokc=\toks27
\pgf@sys@id@count=\count274

(c:/Users/erima96/AppData/Roaming/TinyTeX/texmf-dist/tex/generic/pgf/systemlaye
r/pgf.cfg
File: pgf.cfg 2021/05/15 v3.1.9a (3.1.9a)
)
Driver file for pgf: pgfsys-pdftex.def

(c:/Users/erima96/AppData/Roaming/TinyTeX/texmf-dist/tex/generic/pgf/systemlaye
r/pgfsys-pdftex.def
File: pgfsys-pdftex.def 2021/05/15 v3.1.9a (3.1.9a)

(c:/Users/erima96/AppData/Roaming/TinyTeX/texmf-dist/tex/generic/pgf/systemlaye
r/pgfsys-common-pdf.def
File: pgfsys-common-pdf.def 2021/05/15 v3.1.9a (3.1.9a)
)))
(c:/Users/erima96/AppData/Roaming/TinyTeX/texmf-dist/tex/generic/pgf/systemlaye
r/pgfsyssoftpath.code.tex
File: pgfsyssoftpath.code.tex 2021/05/15 v3.1.9a (3.1.9a)
\pgfsyssoftpath@smallbuffer@items=\count275
\pgfsyssoftpath@bigbuffer@items=\count276
)
(c:/Users/erima96/AppData/Roaming/TinyTeX/texmf-dist/tex/generic/pgf/systemlaye
r/pgfsysprotocol.code.tex
File: pgfsysprotocol.code.tex 2021/05/15 v3.1.9a (3.1.9a)
))
(c:/Users/erima96/AppData/Roaming/TinyTeX/texmf-dist/tex/latex/xcolor/xcolor.st
y
Package: xcolor 2016/05/11 v2.12 LaTeX color extensions (UK)

(c:/Users/erima96/AppData/Roaming/TinyTeX/texmf-dist/tex/latex/graphics-cfg/col
or.cfg
File: color.cfg 2016/01/02 v1.6 sample color configuration
)
Package xcolor Info: Driver file: pdftex.def on input line 225.
Package xcolor Info: Model `cmy' substituted by `cmy0' on input line 1348.
Package xcolor Info: Model `hsb' substituted by `rgb' on input line 1352.
Package xcolor Info: Model `RGB' extended on input line 1364.
Package xcolor Info: Model `HTML' substituted by `rgb' on input line 1366.
Package xcolor Info: Model `Hsb' substituted by `hsb' on input line 1367.
Package xcolor Info: Model `tHsb' substituted by `hsb' on input line 1368.
Package xcolor Info: Model `HSB' substituted by `hsb' on input line 1369.
Package xcolor Info: Model `Gray' substituted by `gray' on input line 1370.
Package xcolor Info: Model `wave' substituted by `hsb' on input line 1371.
)
(c:/Users/erima96/AppData/Roaming/TinyTeX/texmf-dist/tex/generic/pgf/basiclayer
/pgfcore.code.tex
Package: pgfcore 2021/05/15 v3.1.9a (3.1.9a)

(c:/Users/erima96/AppData/Roaming/TinyTeX/texmf-dist/tex/generic/pgf/math/pgfma
th.code.tex
(c:/Users/erima96/AppData/Roaming/TinyTeX/texmf-dist/tex/generic/pgf/math/pgfma
thcalc.code.tex
(c:/Users/erima96/AppData/Roaming/TinyTeX/texmf-dist/tex/generic/pgf/math/pgfma
thutil.code.tex)
(c:/Users/erima96/AppData/Roaming/TinyTeX/texmf-dist/tex/generic/pgf/math/pgfma
thparser.code.tex
\pgfmath@dimen=\dimen195
\pgfmath@count=\count277
\pgfmath@box=\box60
\pgfmath@toks=\toks28
\pgfmath@stack@operand=\toks29
\pgfmath@stack@operation=\toks30
)
(c:/Users/erima96/AppData/Roaming/TinyTeX/texmf-dist/tex/generic/pgf/math/pgfma
thfunctions.code.tex
(c:/Users/erima96/AppData/Roaming/TinyTeX/texmf-dist/tex/generic/pgf/math/pgfma
thfunctions.basic.code.tex)
(c:/Users/erima96/AppData/Roaming/TinyTeX/texmf-dist/tex/generic/pgf/math/pgfma
thfunctions.trigonometric.code.tex)
(c:/Users/erima96/AppData/Roaming/TinyTeX/texmf-dist/tex/generic/pgf/math/pgfma
thfunctions.random.code.tex)
(c:/Users/erima96/AppData/Roaming/TinyTeX/texmf-dist/tex/generic/pgf/math/pgfma
thfunctions.comparison.code.tex)
(c:/Users/erima96/AppData/Roaming/TinyTeX/texmf-dist/tex/generic/pgf/math/pgfma
thfunctions.base.code.tex)
(c:/Users/erima96/AppData/Roaming/TinyTeX/texmf-dist/tex/generic/pgf/math/pgfma
thfunctions.round.code.tex)
(c:/Users/erima96/AppData/Roaming/TinyTeX/texmf-dist/tex/generic/pgf/math/pgfma
thfunctions.misc.code.tex)
(c:/Users/erima96/AppData/Roaming/TinyTeX/texmf-dist/tex/generic/pgf/math/pgfma
thfunctions.integerarithmetics.code.tex)))
(c:/Users/erima96/AppData/Roaming/TinyTeX/texmf-dist/tex/generic/pgf/math/pgfma
thfloat.code.tex
\c@pgfmathroundto@lastzeros=\count278
))
(c:/Users/erima96/AppData/Roaming/TinyTeX/texmf-dist/tex/generic/pgf/math/pgfin
t.code.tex)
(c:/Users/erima96/AppData/Roaming/TinyTeX/texmf-dist/tex/generic/pgf/basiclayer
/pgfcorepoints.code.tex
File: pgfcorepoints.code.tex 2021/05/15 v3.1.9a (3.1.9a)
\pgf@picminx=\dimen196
\pgf@picmaxx=\dimen197
\pgf@picminy=\dimen198
\pgf@picmaxy=\dimen199
\pgf@pathminx=\dimen256
\pgf@pathmaxx=\dimen257
\pgf@pathminy=\dimen258
\pgf@pathmaxy=\dimen259
\pgf@xx=\dimen260
\pgf@xy=\dimen261
\pgf@yx=\dimen262
\pgf@yy=\dimen263
\pgf@zx=\dimen264
\pgf@zy=\dimen265
)
(c:/Users/erima96/AppData/Roaming/TinyTeX/texmf-dist/tex/generic/pgf/basiclayer
/pgfcorepathconstruct.code.tex
File: pgfcorepathconstruct.code.tex 2021/05/15 v3.1.9a (3.1.9a)
\pgf@path@lastx=\dimen266
\pgf@path@lasty=\dimen267
)
(c:/Users/erima96/AppData/Roaming/TinyTeX/texmf-dist/tex/generic/pgf/basiclayer
/pgfcorepathusage.code.tex
File: pgfcorepathusage.code.tex 2021/05/15 v3.1.9a (3.1.9a)
\pgf@shorten@end@additional=\dimen268
\pgf@shorten@start@additional=\dimen269
)
(c:/Users/erima96/AppData/Roaming/TinyTeX/texmf-dist/tex/generic/pgf/basiclayer
/pgfcorescopes.code.tex
File: pgfcorescopes.code.tex 2021/05/15 v3.1.9a (3.1.9a)
\pgfpic=\box61
\pgf@hbox=\box62
\pgf@layerbox@main=\box63
\pgf@picture@serial@count=\count279
)
(c:/Users/erima96/AppData/Roaming/TinyTeX/texmf-dist/tex/generic/pgf/basiclayer
/pgfcoregraphicstate.code.tex
File: pgfcoregraphicstate.code.tex 2021/05/15 v3.1.9a (3.1.9a)
\pgflinewidth=\dimen270
)
(c:/Users/erima96/AppData/Roaming/TinyTeX/texmf-dist/tex/generic/pgf/basiclayer
/pgfcoretransformations.code.tex
File: pgfcoretransformations.code.tex 2021/05/15 v3.1.9a (3.1.9a)
\pgf@pt@x=\dimen271
\pgf@pt@y=\dimen272
\pgf@pt@temp=\dimen273
)
(c:/Users/erima96/AppData/Roaming/TinyTeX/texmf-dist/tex/generic/pgf/basiclayer
/pgfcorequick.code.tex
File: pgfcorequick.code.tex 2021/05/15 v3.1.9a (3.1.9a)
)
(c:/Users/erima96/AppData/Roaming/TinyTeX/texmf-dist/tex/generic/pgf/basiclayer
/pgfcoreobjects.code.tex
File: pgfcoreobjects.code.tex 2021/05/15 v3.1.9a (3.1.9a)
)
(c:/Users/erima96/AppData/Roaming/TinyTeX/texmf-dist/tex/generic/pgf/basiclayer
/pgfcorepathprocessing.code.tex
File: pgfcorepathprocessing.code.tex 2021/05/15 v3.1.9a (3.1.9a)
)
(c:/Users/erima96/AppData/Roaming/TinyTeX/texmf-dist/tex/generic/pgf/basiclayer
/pgfcorearrows.code.tex
File: pgfcorearrows.code.tex 2021/05/15 v3.1.9a (3.1.9a)
\pgfarrowsep=\dimen274
)
(c:/Users/erima96/AppData/Roaming/TinyTeX/texmf-dist/tex/generic/pgf/basiclayer
/pgfcoreshade.code.tex
File: pgfcoreshade.code.tex 2021/05/15 v3.1.9a (3.1.9a)
\pgf@max=\dimen275
\pgf@sys@shading@range@num=\count280
\pgf@shadingcount=\count281
)
(c:/Users/erima96/AppData/Roaming/TinyTeX/texmf-dist/tex/generic/pgf/basiclayer
/pgfcoreimage.code.tex
File: pgfcoreimage.code.tex 2021/05/15 v3.1.9a (3.1.9a)

(c:/Users/erima96/AppData/Roaming/TinyTeX/texmf-dist/tex/generic/pgf/basiclayer
/pgfcoreexternal.code.tex
File: pgfcoreexternal.code.tex 2021/05/15 v3.1.9a (3.1.9a)
\pgfexternal@startupbox=\box64
))
(c:/Users/erima96/AppData/Roaming/TinyTeX/texmf-dist/tex/generic/pgf/basiclayer
/pgfcorelayers.code.tex
File: pgfcorelayers.code.tex 2021/05/15 v3.1.9a (3.1.9a)
)
(c:/Users/erima96/AppData/Roaming/TinyTeX/texmf-dist/tex/generic/pgf/basiclayer
/pgfcoretransparency.code.tex
File: pgfcoretransparency.code.tex 2021/05/15 v3.1.9a (3.1.9a)
)
(c:/Users/erima96/AppData/Roaming/TinyTeX/texmf-dist/tex/generic/pgf/basiclayer
/pgfcorepatterns.code.tex
File: pgfcorepatterns.code.tex 2021/05/15 v3.1.9a (3.1.9a)
)
(c:/Users/erima96/AppData/Roaming/TinyTeX/texmf-dist/tex/generic/pgf/basiclayer
/pgfcorerdf.code.tex
File: pgfcorerdf.code.tex 2021/05/15 v3.1.9a (3.1.9a)
)))
(c:/Users/erima96/AppData/Roaming/TinyTeX/texmf-dist/tex/generic/pgf/modules/pg
fmoduleshapes.code.tex
File: pgfmoduleshapes.code.tex 2021/05/15 v3.1.9a (3.1.9a)
\pgfnodeparttextbox=\box65
)
(c:/Users/erima96/AppData/Roaming/TinyTeX/texmf-dist/tex/generic/pgf/modules/pg
fmoduleplot.code.tex
File: pgfmoduleplot.code.tex 2021/05/15 v3.1.9a (3.1.9a)
)
(c:/Users/erima96/AppData/Roaming/TinyTeX/texmf-dist/tex/latex/pgf/compatibilit
y/pgfcomp-version-0-65.sty
Package: pgfcomp-version-0-65 2021/05/15 v3.1.9a (3.1.9a)
\pgf@nodesepstart=\dimen276
\pgf@nodesepend=\dimen277
)
(c:/Users/erima96/AppData/Roaming/TinyTeX/texmf-dist/tex/latex/pgf/compatibilit
y/pgfcomp-version-1-18.sty
Package: pgfcomp-version-1-18 2021/05/15 v3.1.9a (3.1.9a)
))
(c:/Users/erima96/AppData/Roaming/TinyTeX/texmf-dist/tex/latex/pgf/utilities/pg
ffor.sty
(c:/Users/erima96/AppData/Roaming/TinyTeX/texmf-dist/tex/latex/pgf/utilities/pg
fkeys.sty
(c:/Users/erima96/AppData/Roaming/TinyTeX/texmf-dist/tex/generic/pgf/utilities/
pgfkeys.code.tex))
(c:/Users/erima96/AppData/Roaming/TinyTeX/texmf-dist/tex/latex/pgf/math/pgfmath
.sty
(c:/Users/erima96/AppData/Roaming/TinyTeX/texmf-dist/tex/generic/pgf/math/pgfma
th.code.tex))
(c:/Users/erima96/AppData/Roaming/TinyTeX/texmf-dist/tex/generic/pgf/utilities/
pgffor.code.tex
Package: pgffor 2021/05/15 v3.1.9a (3.1.9a)

(c:/Users/erima96/AppData/Roaming/TinyTeX/texmf-dist/tex/generic/pgf/math/pgfma
th.code.tex)
\pgffor@iter=\dimen278
\pgffor@skip=\dimen279
\pgffor@stack=\toks31
\pgffor@toks=\toks32
))
(c:/Users/erima96/AppData/Roaming/TinyTeX/texmf-dist/tex/generic/pgf/frontendla
yer/tikz/tikz.code.tex
Package: tikz 2021/05/15 v3.1.9a (3.1.9a)

(c:/Users/erima96/AppData/Roaming/TinyTeX/texmf-dist/tex/generic/pgf/libraries/
pgflibraryplothandlers.code.tex
File: pgflibraryplothandlers.code.tex 2021/05/15 v3.1.9a (3.1.9a)
\pgf@plot@mark@count=\count282
\pgfplotmarksize=\dimen280
)
\tikz@lastx=\dimen281
\tikz@lasty=\dimen282
\tikz@lastxsaved=\dimen283
\tikz@lastysaved=\dimen284
\tikz@lastmovetox=\dimen285
\tikz@lastmovetoy=\dimen286
\tikzleveldistance=\dimen287
\tikzsiblingdistance=\dimen288
\tikz@figbox=\box66
\tikz@figbox@bg=\box67
\tikz@tempbox=\box68
\tikz@tempbox@bg=\box69
\tikztreelevel=\count283
\tikznumberofchildren=\count284
\tikznumberofcurrentchild=\count285
\tikz@fig@count=\count286

(c:/Users/erima96/AppData/Roaming/TinyTeX/texmf-dist/tex/generic/pgf/modules/pg
fmodulematrix.code.tex
File: pgfmodulematrix.code.tex 2021/05/15 v3.1.9a (3.1.9a)
\pgfmatrixcurrentrow=\count287
\pgfmatrixcurrentcolumn=\count288
\pgf@matrix@numberofcolumns=\count289
)
\tikz@expandcount=\count290

(c:/Users/erima96/AppData/Roaming/TinyTeX/texmf-dist/tex/generic/pgf/frontendla
yer/tikz/libraries/tikzlibrarytopaths.code.tex
File: tikzlibrarytopaths.code.tex 2021/05/15 v3.1.9a (3.1.9a)
)))
(c:/Users/erima96/AppData/Roaming/TinyTeX/texmf-dist/tex/latex/fancyhdr/fancyhd
r.sty
Package: fancyhdr 2021/01/28 v4.0.1 Extensive control of page headers and foote
rs
\f@nch@headwidth=\skip58
\f@nch@O@elh=\skip59
\f@nch@O@erh=\skip60
\f@nch@O@olh=\skip61
\f@nch@O@orh=\skip62
\f@nch@O@elf=\skip63
\f@nch@O@erf=\skip64
\f@nch@O@olf=\skip65
\f@nch@O@orf=\skip66
)
(c:/Users/erima96/AppData/Roaming/TinyTeX/texmf-dist/tex/latex/lastpage/lastpag
e.sty
Package: lastpage 2015/03/29 v1.2m Refers to last page's name (HMM; JPG)
)
(c:/Users/erima96/AppData/Roaming/TinyTeX/texmf-dist/tex/latex/titlesec/titlese
c.sty
Package: titlesec 2021/07/05 v2.14 Sectioning titles
\ttl@box=\box70
\beforetitleunit=\skip67
\aftertitleunit=\skip68
\ttl@plus=\dimen289
\ttl@minus=\dimen290
\ttl@toksa=\toks33
\titlewidth=\dimen291
\titlewidthlast=\dimen292
\titlewidthfirst=\dimen293
)
(c:/Users/erima96/AppData/Roaming/TinyTeX/texmf-dist/tex/latex/psnfss/helvet.st
y
Package: helvet 2020/03/25 PSNFSS-v9.3 (WaS) 
)

Package fancyhdr Warning: \fancyfoot's `E' option without twoside option is use
less on input line 34.


(c:/Users/erima96/AppData/Roaming/TinyTeX/texmf-dist/tex/latex/geometry/geometr
y.sty
Package: geometry 2020/01/02 v5.9 Page Geometry

(c:/Users/erima96/AppData/Roaming/TinyTeX/texmf-dist/tex/generic/iftex/ifvtex.s
ty
Package: ifvtex 2019/10/25 v1.7 ifvtex legacy package. Use iftex instead.
)
\Gm@cnth=\count291
\Gm@cntv=\count292
\c@Gm@tempcnt=\count293
\Gm@bindingoffset=\dimen294
\Gm@wd@mp=\dimen295
\Gm@odd@mp=\dimen296
\Gm@even@mp=\dimen297
\Gm@layoutwidth=\dimen298
\Gm@layoutheight=\dimen299
\Gm@layouthoffset=\dimen300
\Gm@layoutvoffset=\dimen301
\Gm@dimlist=\toks34
)
(c:/Users/erima96/AppData/Roaming/TinyTeX/texmf-dist/tex/latex/fontawesome/font
awesome.sty
Package: fontawesome 2016/05/15 v4.6.3.1 font awesome icons

(c:/Users/erima96/AppData/Roaming/TinyTeX/texmf-dist/tex/generic/iftex/ifxetex.
sty
Package: ifxetex 2019/10/25 v0.7 ifxetex legacy package. Use iftex instead.
)
(c:/Users/erima96/AppData/Roaming/TinyTeX/texmf-dist/tex/generic/iftex/ifluatex
.sty
Package: ifluatex 2019/10/25 v1.5 ifluatex legacy package. Use iftex instead.
)
(c:/Users/erima96/AppData/Roaming/TinyTeX/texmf-dist/tex/latex/fontawesome/font
awesomesymbols-generic.tex)
(c:/Users/erima96/AppData/Roaming/TinyTeX/texmf-dist/tex/latex/fontawesome/font
awesomesymbols-pdftex.tex))
(c:/Users/erima96/AppData/Roaming/TinyTeX/texmf-dist/tex/latex/base/fontenc.sty
Package: fontenc 2021/04/29 v2.0v Standard LaTeX package
)
(c:/Users/erima96/AppData/Roaming/TinyTeX/texmf-dist/tex/latex/base/inputenc.st
y
Package: inputenc 2021/02/14 v1.3d Input encoding file
\inpenc@prehook=\toks35
\inpenc@posthook=\toks36
)
(c:/Users/erima96/AppData/Roaming/TinyTeX/texmf-dist/tex/latex/hyperref/hyperre
f.sty
Package: hyperref 2021-06-07 v7.00m Hypertext links for LaTeX

(c:/Users/erima96/AppData/Roaming/TinyTeX/texmf-dist/tex/generic/ltxcmds/ltxcmd
s.sty
Package: ltxcmds 2020-05-10 v1.25 LaTeX kernel commands for general use (HO)
)
(c:/Users/erima96/AppData/Roaming/TinyTeX/texmf-dist/tex/generic/pdftexcmds/pdf
texcmds.sty
Package: pdftexcmds 2020-06-27 v0.33 Utility functions of pdfTeX for LuaTeX (HO
)

(c:/Users/erima96/AppData/Roaming/TinyTeX/texmf-dist/tex/generic/infwarerr/infw
arerr.sty
Package: infwarerr 2019/12/03 v1.5 Providing info/warning/error messages (HO)
)
Package pdftexcmds Info: \pdf@primitive is available.
Package pdftexcmds Info: \pdf@ifprimitive is available.
Package pdftexcmds Info: \pdfdraftmode found.
)
(c:/Users/erima96/AppData/Roaming/TinyTeX/texmf-dist/tex/generic/kvsetkeys/kvse
tkeys.sty
Package: kvsetkeys 2019/12/15 v1.18 Key value parser (HO)
)
(c:/Users/erima96/AppData/Roaming/TinyTeX/texmf-dist/tex/generic/kvdefinekeys/k
vdefinekeys.sty
Package: kvdefinekeys 2019-12-19 v1.6 Define keys (HO)
)
(c:/Users/erima96/AppData/Roaming/TinyTeX/texmf-dist/tex/generic/pdfescape/pdfe
scape.sty
Package: pdfescape 2019/12/09 v1.15 Implements pdfTeX's escape features (HO)
)
(c:/Users/erima96/AppData/Roaming/TinyTeX/texmf-dist/tex/latex/hycolor/hycolor.
sty
Package: hycolor 2020-01-27 v1.10 Color options for hyperref/bookmark (HO)
)
(c:/Users/erima96/AppData/Roaming/TinyTeX/texmf-dist/tex/latex/letltxmacro/letl
txmacro.sty
Package: letltxmacro 2019/12/03 v1.6 Let assignment for LaTeX macros (HO)
)
(c:/Users/erima96/AppData/Roaming/TinyTeX/texmf-dist/tex/latex/auxhook/auxhook.
sty
Package: auxhook 2019-12-17 v1.6 Hooks for auxiliary files (HO)
)
(c:/Users/erima96/AppData/Roaming/TinyTeX/texmf-dist/tex/latex/kvoptions/kvopti
ons.sty
Package: kvoptions 2020-10-07 v3.14 Key value format for package options (HO)
)
\@linkdim=\dimen302
\Hy@linkcounter=\count294
\Hy@pagecounter=\count295

(c:/Users/erima96/AppData/Roaming/TinyTeX/texmf-dist/tex/latex/hyperref/pd1enc.
def
File: pd1enc.def 2021-06-07 v7.00m Hyperref: PDFDocEncoding definition (HO)
Now handling font encoding PD1 ...
... no UTF-8 mapping file for font encoding PD1
)
(c:/Users/erima96/AppData/Roaming/TinyTeX/texmf-dist/tex/latex/hyperref/hyperre
f-langpatches.def
File: hyperref-langpatches.def 2021-06-07 v7.00m Hyperref: patches for babel la
nguages
)
(c:/Users/erima96/AppData/Roaming/TinyTeX/texmf-dist/tex/generic/intcalc/intcal
c.sty
Package: intcalc 2019/12/15 v1.3 Expandable calculations with integers (HO)
)
(c:/Users/erima96/AppData/Roaming/TinyTeX/texmf-dist/tex/generic/etexcmds/etexc
mds.sty
Package: etexcmds 2019/12/15 v1.7 Avoid name clashes with e-TeX commands (HO)
)
\Hy@SavedSpaceFactor=\count296

(c:/Users/erima96/AppData/Roaming/TinyTeX/texmf-dist/tex/latex/hyperref/puenc.d
ef
File: puenc.def 2021-06-07 v7.00m Hyperref: PDF Unicode definition (HO)
Now handling font encoding PU ...
... no UTF-8 mapping file for font encoding PU
)
Package hyperref Info: Hyper figures OFF on input line 4192.
Package hyperref Info: Link nesting OFF on input line 4197.
Package hyperref Info: Hyper index ON on input line 4200.
Package hyperref Info: Plain pages OFF on input line 4207.
Package hyperref Info: Backreferencing OFF on input line 4212.
Package hyperref Info: Implicit mode ON; LaTeX internals redefined.
Package hyperref Info: Bookmarks ON on input line 4445.
\c@Hy@tempcnt=\count297
(c:/Users/erima96/AppData/Roaming/TinyTeX/texmf-dist/tex/latex/url/url.sty
\Urlmuskip=\muskip16
Package: url 2013/09/16  ver 3.4  Verb mode for urls, etc.
)
LaTeX Info: Redefining \url on input line 4804.
\XeTeXLinkMargin=\dimen303

(c:/Users/erima96/AppData/Roaming/TinyTeX/texmf-dist/tex/generic/bitset/bitset.
sty
Package: bitset 2019/12/09 v1.3 Handle bit-vector datatype (HO)

(c:/Users/erima96/AppData/Roaming/TinyTeX/texmf-dist/tex/generic/bigintcalc/big
intcalc.sty
Package: bigintcalc 2019/12/15 v1.5 Expandable calculations on big integers (HO
)
))
\Fld@menulength=\count298
\Field@Width=\dimen304
\Fld@charsize=\dimen305
Package hyperref Info: Hyper figures OFF on input line 6076.
Package hyperref Info: Link nesting OFF on input line 6081.
Package hyperref Info: Hyper index ON on input line 6084.
Package hyperref Info: backreferencing OFF on input line 6091.
Package hyperref Info: Link coloring OFF on input line 6096.
Package hyperref Info: Link coloring with OCG OFF on input line 6101.
Package hyperref Info: PDF/A mode OFF on input line 6106.
LaTeX Info: Redefining \ref on input line 6146.
LaTeX Info: Redefining \pageref on input line 6150.

(c:/Users/erima96/AppData/Roaming/TinyTeX/texmf-dist/tex/latex/base/atbegshi-lt
x.sty
Package: atbegshi-ltx 2021/01/10 v1.0c Emulation of the original atbegshi
package with kernel methods
)
\Hy@abspage=\count299
\c@Item=\count300
\c@Hfootnote=\count301
)
Package hyperref Info: Driver (autodetected): hpdftex.

(c:/Users/erima96/AppData/Roaming/TinyTeX/texmf-dist/tex/latex/hyperref/hpdftex
.def
File: hpdftex.def 2021-06-07 v7.00m Hyperref driver for pdfTeX

(c:/Users/erima96/AppData/Roaming/TinyTeX/texmf-dist/tex/latex/base/atveryend-l
tx.sty
Package: atveryend-ltx 2020/08/19 v1.0a Emulation of the original atvery packag
e
with kernel methods
)
\Fld@listcount=\count302
\c@bookmark@seq@number=\count303

(c:/Users/erima96/AppData/Roaming/TinyTeX/texmf-dist/tex/latex/rerunfilecheck/r
erunfilecheck.sty
Package: rerunfilecheck 2019/12/05 v1.9 Rerun checks for auxiliary files (HO)

(c:/Users/erima96/AppData/Roaming/TinyTeX/texmf-dist/tex/generic/uniquecounter/
uniquecounter.sty
Package: uniquecounter 2019/12/15 v1.4 Provide unlimited unique counter (HO)
)
Package uniquecounter Info: New unique counter `rerunfilecheck' on input line 2
86.
)
\Hy@SectionHShift=\skip69
)
(c:/Users/erima96/AppData/Roaming/TinyTeX/texmf-dist/tex/latex/breakurl/breakur
l.sty
Package: breakurl 2013/04/10 v1.40 Breakable hyperref URLs

(c:/Users/erima96/AppData/Roaming/TinyTeX/texmf-dist/tex/generic/iftex/ifpdf.st
y
Package: ifpdf 2019/10/25 v3.4 ifpdf legacy package. Use iftex instead.
)

Package breakurl Warning: You are using breakurl while processing via pdflatex.

(breakurl)                \burl will be just a synonym of \url.
(breakurl)                 on input line 48.

) (c:/Users/erima96/AppData/Roaming/TinyTeX/texmf-dist/tex/latex/float/float.st
y
Package: float 2001/11/08 v1.3d Float enhancements (AL)
\c@float@type=\count304
\float@exts=\toks37
\float@box=\box71
\@float@everytoks=\toks38
\@floatcapt=\box72
)
(c:/Users/erima96/AppData/Roaming/TinyTeX/texmf-dist/tex/latex/textpos/textpos.
sty
Package: textpos 2020/09/26 v1.10
Package: textpos 2020/09/26 1.10, absolute positioning of text on the page
Package textpos Info: choosing support for LaTeX3 on input line 61.
\TP@textbox=\box73
\TP@holdbox=\box74
\TPHorizModule=\dimen306
\TPVertModule=\dimen307
\TP@margin=\dimen308
\TP@absmargin=\dimen309
Grid set 16 x 16 = 38.39343pt x 49.68562pt
\TPboxrulesize=\dimen310
\TP@ox=\dimen311
\TP@oy=\dimen312
\TP@tbargs=\toks39
TextBlockOrigin set to 0pt x 0pt
)
(c:/Users/erima96/AppData/Roaming/TinyTeX/texmf-dist/tex/latex/parskip/parskip.
sty
Package: parskip 2021-03-14 v2.0h non-zero parskip adjustments

(c:/Users/erima96/AppData/Roaming/TinyTeX/texmf-dist/tex/latex/etoolbox/etoolbo
x.sty
Package: etoolbox 2020/10/05 v2.5k e-TeX tools for LaTeX (JAW)
\etb@tempcnta=\count305
))
(c:/Users/erima96/AppData/Roaming/TinyTeX/texmf-dist/tex/latex/enumitem/enumite
m.sty
Package: enumitem 2019/06/20 v3.9 Customized lists
\enitkv@toks@=\toks40
\labelindent=\skip70
\enit@outerparindent=\dimen313
\enit@toks=\toks41
\enit@inbox=\box75
\enit@count@id=\count306
\enitdp@description=\count307
)
(c:/Users/erima96/AppData/Roaming/TinyTeX/texmf-dist/tex/latex/l3backend/l3back
end-pdftex.def
File: l3backend-pdftex.def 2021-08-04 L3 backend support: PDF output (pdfTeX)
\l__color_backend_stack_int=\count308
\l__pdf_internal_box=\box76
) (./Marsja_international_collaborations.aux)
\openout1 = `Marsja_international_collaborations.aux'.

LaTeX Font Info:    Checking defaults for OML/cmm/m/it on input line 135.
LaTeX Font Info:    ... okay on input line 135.
LaTeX Font Info:    Checking defaults for OMS/cmsy/m/n on input line 135.
LaTeX Font Info:    ... okay on input line 135.
LaTeX Font Info:    Checking defaults for OT1/cmr/m/n on input line 135.
LaTeX Font Info:    ... okay on input line 135.
LaTeX Font Info:    Checking defaults for T1/cmr/m/n on input line 135.
LaTeX Font Info:    ... okay on input line 135.
LaTeX Font Info:    Checking defaults for TS1/cmr/m/n on input line 135.
LaTeX Font Info:    ... okay on input line 135.
LaTeX Font Info:    Checking defaults for OMX/cmex/m/n on input line 135.
LaTeX Font Info:    ... okay on input line 135.
LaTeX Font Info:    Checking defaults for U/cmr/m/n on input line 135.
LaTeX Font Info:    ... okay on input line 135.
LaTeX Font Info:    Checking defaults for PD1/pdf/m/n on input line 135.
LaTeX Font Info:    ... okay on input line 135.
LaTeX Font Info:    Checking defaults for PU/pdf/m/n on input line 135.
LaTeX Font Info:    ... okay on input line 135.

(c:/Users/erima96/AppData/Roaming/TinyTeX/texmf-dist/tex/context/base/mkii/supp
-pdf.mkii
[Loading MPS to PDF converter (version 2006.09.02).]
\scratchcounter=\count309
\scratchdimen=\dimen314
\scratchbox=\box77
\nofMPsegments=\count310
\nofMParguments=\count311
\everyMPshowfont=\toks42
\MPscratchCnt=\count312
\MPscratchDim=\dimen315
\MPnumerator=\count313
\makeMPintoPDFobject=\count314
\everyMPtoPDFconversion=\toks43
)
(c:/Users/erima96/AppData/Roaming/TinyTeX/texmf-dist/tex/latex/epstopdf-pkg/eps
topdf-base.sty
Package: epstopdf-base 2020-01-24 v2.11 Base part for package epstopdf
Package epstopdf-base Info: Redefining graphics rule for `.eps' on input line 4
85.

(c:/Users/erima96/AppData/Roaming/TinyTeX/texmf-dist/tex/latex/latexconfig/epst
opdf-sys.cfg
File: epstopdf-sys.cfg 2010/07/13 v1.3 Configuration of (r)epstopdf for TeX Liv
e
))
Package caption Info: Begin \AtBeginDocument code.
Package caption Info: float package is loaded.
Package caption Info: hyperref package is loaded.
Package caption Info: End \AtBeginDocument code.
Package lastpage Info: Please have a look at the pageslts package at
(lastpage)             https://www.ctan.org/pkg/pageslts
(lastpage)             ! on input line 135.
*geometry* driver: auto-detecting
*geometry* detected driver: pdftex
*geometry* verbose mode - [ preamble ] result:
* driver: pdftex
* paper: <default>
* layout: <same size as paper>
* layoutoffset:(h,v)=(0.0pt,0.0pt)
* modes: 
* h-part:(L,W,R)=(86.72377pt, 440.84746pt, 86.72377pt)
* v-part:(T,H,B)=(86.72377pt, 621.52245pt, 86.72377pt)
* \paperwidth=614.295pt
* \paperheight=794.96999pt
* \textwidth=440.84746pt
* \textheight=621.52245pt
* \oddsidemargin=14.45378pt
* \evensidemargin=14.45378pt
* \topmargin=-22.54622pt
* \headheight=12.0pt
* \headsep=25.0pt
* \topskip=10.0pt
* \footskip=30.0pt
* \marginparwidth=65.0pt
* \marginparsep=11.0pt
* \columnsep=10.0pt
* \skip\footins=9.0pt plus 4.0pt minus 2.0pt
* \hoffset=0.0pt
* \voffset=0.0pt
* \mag=1000
* \@twocolumnfalse
* \@twosidefalse
* \@mparswitchfalse
* \@reversemarginfalse
* (1in=72.27pt=25.4mm, 1cm=28.453pt)

Package hyperref Info: Link coloring OFF on input line 135.

(c:/Users/erima96/AppData/Roaming/TinyTeX/texmf-dist/tex/latex/hyperref/nameref
.sty
Package: nameref 2021-04-02 v2.47 Cross-referencing by name of section

(c:/Users/erima96/AppData/Roaming/TinyTeX/texmf-dist/tex/latex/refcount/refcoun
t.sty
Package: refcount 2019/12/15 v3.6 Data extraction from label references (HO)
)
(c:/Users/erima96/AppData/Roaming/TinyTeX/texmf-dist/tex/generic/gettitlestring
/gettitlestring.sty
Package: gettitlestring 2019/12/15 v1.6 Cleanup title references (HO)
)
\c@section@level=\count315
)
LaTeX Info: Redefining \ref on input line 135.
LaTeX Info: Redefining \pageref on input line 135.
LaTeX Info: Redefining \nameref on input line 135.
(./Marsja_international_collaborations.out) (./Marsja_international_collaborati
ons.out)
\@outlinefile=\write4
\openout4 = `Marsja_international_collaborations.out'.


(c:/Users/erima96/AppData/Roaming/TinyTeX/texmf-dist/tex/latex/fontawesome/ufon
tawesometwo.fd) (c:/Users/erima96/AppData/Roaming/TinyTeX/texmf-dist/tex/latex/
base/t1cmtt.fd)
LaTeX Font Info:    Trying to load font information for T1+phv on input line 15
9.
(c:/Users/erima96/AppData/Roaming/TinyTeX/texmf-dist/tex/latex/psnfss/t1phv.fd
File: t1phv.fd 2020/03/25 scalable font definitions for T1/phv.
)
LaTeX Font Info:    Font shape `T1/phv/m/n' will be
(Font)              scaled to size 10.79993pt on input line 159.
LaTeX Font Info:    Font shape `T1/phv/m/n' will be
(Font)              scaled to size 12.9599pt on input line 159.
LaTeX Font Info:    Font shape `T1/phv/b/n' will be
(Font)              scaled to size 12.9599pt on input line 159.

AED: lastpage setting LastPage
[1

{c:/Users/erima96/AppData/Roaming/TinyTeX/texmf-var/fonts/map/pdftex/updmap/pdf
tex.map}] (./Marsja_international_collaborations.aux)
Package rerunfilecheck Info: File `Marsja_international_collaborations.out' has
 not changed.
(rerunfilecheck)             Checksum: 2A030D5C8C41B853EA4E7192C0CDD7E7;191.
 ) 
Here is how much of TeX's memory you used:
 24420 strings out of 480502
 444506 string characters out of 5897829
 722388 words of memory out of 5000000
 41670 multiletter control sequences out of 15000+600000
 414449 words of font info for 39 fonts, out of 8000000 for 9000
 14 hyphenation exceptions out of 8191
 84i,11n,117p,1224b,574s stack positions out of 5000i,500n,10000p,200000b,80000s
 <c:/Users/erima96/AppData/Roaming/TinyTeX/texmf-var/fonts/pk/ljfour/jknappen
/ec/tcrm1000.600pk>{c:/Users/erima96/AppData/Roaming/TinyTeX/texmf-dist/fonts/e
nc/dvips/base/8r.enc} <c:/Users/erima96/AppData/Roaming/TinyTeX/texmf-var/fonts
/pk/ljfour/jknappen/ec/ectt1000.600pk>{c:/Users/erima96/AppData/Roaming/TinyTeX
/texmf-dist/fonts/enc/dvips/fontawesome/fontawesometwo.enc} <c:/Users/erima96/A
ppData/Roaming/TinyTeX/texmf-var/fonts/pk/ljfour/jknappen/ec/ecrm1000.600pk> <c
:/Users/erima96/AppData/Roaming/TinyTeX/texmf-var/fonts/pk/ljfour/jknappen/ec/e
cbx1000.600pk> <c:/Users/erima96/AppData/Roaming/TinyTeX/texmf-var/fonts/pk/ljf
our/jknappen/ec/ecrm2074.600pk> <c:/Users/erima96/AppData/Roaming/TinyTeX/texmf
-var/fonts/pk/ljfour/jknappen/ec/ecbx2074.600pk><c:/Users/erima96/AppData/Roami
ng/TinyTeX/texmf-dist/fonts/type1/public/fontawesome/FontAwesome.pfb><c:/Users/
erima96/AppData/Roaming/TinyTeX/texmf-dist/fonts/type1/urw/helvetic/uhvb8a.pfb>
Output written on Marsja_international_collaborations.pdf (1 page, 49443 bytes)
.
PDF statistics:
 168 PDF objects out of 1000 (max. 8388607)
 56 compressed objects within 1 object stream
 5 named destinations out of 1000 (max. 500000)
 21 words of extra memory for PDF output out of 10000 (max. 10000000)

